<?xml version="1.0" encoding="UTF-8"?>
<testsuite xmlns:xsi="http://www.w3.org/2001/XMLSchema-instance" xsi:noNamespaceSchemaLocation="https://maven.apache.org/surefire/maven-surefire-plugin/xsd/surefire-test-report-3.0.xsd" version="3.0" name="TestSuite" time="40.655" tests="2" errors="0" skipped="0" failures="0">
  <properties>
[...]
</properties>
  <testcase name="runScenario[&quot;&quot;, &quot;Optional.empty&quot;](1)" classname="cucmberOptions.TestNGTestRunner" time="19.931">
    <system-out><![CDATA[Tomato
Tomato
]]></system-out>
    <system-err><![CDATA[Dec 15, 2024 2:57:17 PM org.openqa.selenium.devtools.CdpVersionFinder findNearestMatch
WARNING: Unable to find an exact match for CDP version 131, returning the closest version; found: 129; Please update to a Selenium version that supports CDP version 131
]]></system-err>
  </testcase>
  <testcase name="runScenario[&quot;&quot;, &quot;Optional.empty&quot;](2)" classname="cucmberOptions.TestNGTestRunner" time="17.965">
    <system-out><![CDATA[Strawberry
Strawberry
]]></system-out>
    <system-err><![CDATA[Dec 15, 2024 2:57:35 PM org.openqa.selenium.devtools.CdpVersionFinder findNearestMatch
WARNING: Unable to find an exact match for CDP version 131, returning the closest version; found: 129; Please update to a Selenium version that supports CDP version 131
]]></system-err>
  </testcase>
</testsuite>