<?xml version="1.0" encoding="UTF-8"?>
<!-- Generated by org.testng.reporters.JUnitReportReporter -->
<testsuite hostname="LAPTOP-VNA9JSUI" failures="0" tests="2" name="cucmberOptions.TestNGTestRunner" time="40.061" errors="0" timestamp="2025-07-13T09:22:15 IST" skipped="0">
  <testcase classname="cucmberOptions.TestNGTestRunner" name="runScenario" time="17.288"/>
  <system-out/>
  <testcase classname="cucmberOptions.TestNGTestRunner" name="runScenario" time="22.773"/>
  <system-out/>
</testsuite> <!-- cucmberOptions.TestNGTestRunner -->
