<?xml version="1.0" encoding="UTF-8"?>
<!-- Generated by org.testng.reporters.JUnitReportReporter -->
<testsuite hostname="LAPTOP-VNA9JSUI" failures="0" tests="2" name="cucmberOptions.TestNGTestRunner" time="37.895" errors="0" timestamp="2024-12-15T14:57:49 IST" skipped="0">
  <testcase classname="cucmberOptions.TestNGTestRunner" name="runScenario" time="19.930"/>
  <system-out/>
  <testcase classname="cucmberOptions.TestNGTestRunner" name="runScenario" time="17.965"/>
  <system-out/>
</testsuite> <!-- cucmberOptions.TestNGTestRunner -->
